NOTICE: the --dbtype gnomad211_genome is assumed to be in generic ANNOVAR database format
NOTICE: Variants matching filtering criteria are written to /data/rds/DMP/UCEC/GENEVOD/qguo/Projects/lp_mut_v2/results/SW620bc_DSIVb_L_DATAC_L10-SW620bc_DSIVb/Variants_Octopus_v0.5.2/SW620bc_DSIVb_L_DATAC_L10-SW620bc_DSIVb.4.hg19_gnomad211_genome_dropped, other variants are written to /data/rds/DMP/UCEC/GENEVOD/qguo/Projects/lp_mut_v2/results/SW620bc_DSIVb_L_DATAC_L10-SW620bc_DSIVb/Variants_Octopus_v0.5.2/SW620bc_DSIVb_L_DATAC_L10-SW620bc_DSIVb.4.hg19_gnomad211_genome_filtered
NOTICE: the queryfile contains 173428 lines
NOTICE: Creating new threads for query line 1 to 34686
NOTICE: Creating new threads for query line 34687 to 69372
NOTICE: Creating new threads for query line 69373 to 104058
NOTICE: Creating new threads for query line 104059 to 138744
NOTICE: Creating new threads for query line 138745 to 173428
NOTICE: Processing next batch with 34685 unique variants in 34686 input lines
NOTICE: Database index loaded. Total number of bins is 28119985 and the number of bins to be scanned is 32064
NOTICE: Scanning filter database /data/rds/DMP/UCEC/GENEVOD/qguo/Reference/genome/annovar/humandb/hg19_gnomad211_genome.txt...Done
NOTICE: Processing next batch with 34684 unique variants in 34684 input lines
NOTICE: Database index loaded. Total number of bins is 28119985 and the number of bins to be scanned is 26568
NOTICE: Scanning filter database /data/rds/DMP/UCEC/GENEVOD/qguo/Reference/genome/annovar/humandb/hg19_gnomad211_genome.txt...Done
NOTICE: Processing next batch with 34686 unique variants in 34686 input lines
NOTICE: Database index loaded. Total number of bins is 28119985 and the number of bins to be scanned is 32417
NOTICE: Scanning filter database /data/rds/DMP/UCEC/GENEVOD/qguo/Reference/genome/annovar/humandb/hg19_gnomad211_genome.txt...Done
NOTICE: Processing next batch with 34686 unique variants in 34686 input lines
NOTICE: Database index loaded. Total number of bins is 28119985 and the number of bins to be scanned is 32246
NOTICE: Scanning filter database /data/rds/DMP/UCEC/GENEVOD/qguo/Reference/genome/annovar/humandb/hg19_gnomad211_genome.txt...Done
NOTICE: Processing next batch with 34686 unique variants in 34686 input lines
NOTICE: Database index loaded. Total number of bins is 28119985 and the number of bins to be scanned is 32545
NOTICE: Scanning filter database /data/rds/DMP/UCEC/GENEVOD/qguo/Reference/genome/annovar/humandb/hg19_gnomad211_genome.txt...Done
