NOTICE: Variants matching filtering criteria are written to /data/rds/DMP/UCEC/GENEVOD/qguo/Projects/lp_mut_v2/results/SW620bc_DSIVb_L_DATAC_P4-SW620bc_DSIVb/Variants_Octopus_v0.5.2/SW620bc_DSIVb_L_DATAC_P4-SW620bc_DSIVb.1.hg19_ALL.sites.2015_08_dropped, other variants are written to /data/rds/DMP/UCEC/GENEVOD/qguo/Projects/lp_mut_v2/results/SW620bc_DSIVb_L_DATAC_P4-SW620bc_DSIVb/Variants_Octopus_v0.5.2/SW620bc_DSIVb_L_DATAC_P4-SW620bc_DSIVb.1.hg19_ALL.sites.2015_08_filtered
NOTICE: the queryfile contains 671999 lines
NOTICE: Creating new threads for query line 1 to 134400
NOTICE: Creating new threads for query line 134401 to 268800
NOTICE: Creating new threads for query line 268801 to 403200
NOTICE: Creating new threads for query line 403201 to 537600
NOTICE: Creating new threads for query line 537601 to 671999
NOTICE: Processing next batch with 134399 unique variants in 134400 input lines
NOTICE: Database index loaded. Total number of bins is 2824642 and the number of bins to be scanned is 98707
NOTICE: Scanning filter database /data/rds/DMP/UCEC/GENEVOD/qguo/Reference/genome/annovar/humandb/hg19_ALL.sites.2015_08.txt...Done
NOTICE: Processing next batch with 134400 unique variants in 134400 input lines
NOTICE: Database index loaded. Total number of bins is 2824642 and the number of bins to be scanned is 96449
NOTICE: Scanning filter database /data/rds/DMP/UCEC/GENEVOD/qguo/Reference/genome/annovar/humandb/hg19_ALL.sites.2015_08.txt...Done
NOTICE: Processing next batch with 134400 unique variants in 134400 input lines
NOTICE: Database index loaded. Total number of bins is 2824642 and the number of bins to be scanned is 101181
NOTICE: Scanning filter database /data/rds/DMP/UCEC/GENEVOD/qguo/Reference/genome/annovar/humandb/hg19_ALL.sites.2015_08.txt...Done
NOTICE: Processing next batch with 134398 unique variants in 134399 input lines
NOTICE: Database index loaded. Total number of bins is 2824642 and the number of bins to be scanned is 89423
NOTICE: Scanning filter database /data/rds/DMP/UCEC/GENEVOD/qguo/Reference/genome/annovar/humandb/hg19_ALL.sites.2015_08.txt...Done
NOTICE: Processing next batch with 134399 unique variants in 134400 input lines
NOTICE: Database index loaded. Total number of bins is 2824642 and the number of bins to be scanned is 98613
NOTICE: Scanning filter database /data/rds/DMP/UCEC/GENEVOD/qguo/Reference/genome/annovar/humandb/hg19_ALL.sites.2015_08.txt...Done
NOTICE: Variants with invalid input format were written to /data/rds/DMP/UCEC/GENEVOD/qguo/Projects/lp_mut_v2/results/SW620bc_DSIVb_L_DATAC_P4-SW620bc_DSIVb/Variants_Octopus_v0.5.2/SW620bc_DSIVb_L_DATAC_P4-SW620bc_DSIVb.1.invalid_input
