NOTICE: the --dbtype esp6500siv2_all is assumed to be in generic ANNOVAR database format
NOTICE: Variants matching filtering criteria are written to /data/rds/DMP/UCEC/GENEVOD/qguo/Projects/lp_mut_v2/results/SW620bc_DSIVb_L_DATAC_P4-SW620bc_DSIVb/Variants_Octopus_v0.5.2/SW620bc_DSIVb_L_DATAC_P4-SW620bc_DSIVb.2.hg19_esp6500siv2_all_dropped, other variants are written to /data/rds/DMP/UCEC/GENEVOD/qguo/Projects/lp_mut_v2/results/SW620bc_DSIVb_L_DATAC_P4-SW620bc_DSIVb/Variants_Octopus_v0.5.2/SW620bc_DSIVb_L_DATAC_P4-SW620bc_DSIVb.2.hg19_esp6500siv2_all_filtered
NOTICE: the queryfile contains 171595 lines
NOTICE: Creating new threads for query line 1 to 34319
NOTICE: Creating new threads for query line 34320 to 68638
NOTICE: Creating new threads for query line 68639 to 102957
NOTICE: Creating new threads for query line 102958 to 137276
NOTICE: Creating new threads for query line 137277 to 171595
NOTICE: Processing next batch with 34318 unique variants in 34319 input lines
NOTICE: Database index loaded. Total number of bins is 594771 and the number of bins to be scanned is 788
NOTICE: Scanning filter database /data/rds/DMP/UCEC/GENEVOD/qguo/Reference/genome/annovar/humandb/hg19_esp6500siv2_all.txt...Done
NOTICE: Processing next batch with 34319 unique variants in 34319 input lines
NOTICE: Database index loaded. Total number of bins is 594771 and the number of bins to be scanned is 756
NOTICE: Scanning filter database /data/rds/DMP/UCEC/GENEVOD/qguo/Reference/genome/annovar/humandb/hg19_esp6500siv2_all.txt...Done
NOTICE: Processing next batch with 34319 unique variants in 34319 input lines
NOTICE: Database index loaded. Total number of bins is 594771 and the number of bins to be scanned is 552
NOTICE: Scanning filter database /data/rds/DMP/UCEC/GENEVOD/qguo/Reference/genome/annovar/humandb/hg19_esp6500siv2_all.txt...Done
NOTICE: Processing next batch with 34319 unique variants in 34319 input lines
NOTICE: Database index loaded. Total number of bins is 594771 and the number of bins to be scanned is 750
NOTICE: Scanning filter database /data/rds/DMP/UCEC/GENEVOD/qguo/Reference/genome/annovar/humandb/hg19_esp6500siv2_all.txt...Done
NOTICE: Processing next batch with 34318 unique variants in 34319 input lines
NOTICE: Database index loaded. Total number of bins is 594771 and the number of bins to be scanned is 732
NOTICE: Scanning filter database /data/rds/DMP/UCEC/GENEVOD/qguo/Reference/genome/annovar/humandb/hg19_esp6500siv2_all.txt...Done
