ANNOVAR Version:
	$Date: 2018-04-16 00:43:31 -0400 (Mon, 16 Apr 2018) $
ANNOVAR Information:
	For questions, comments, documentation, bug reports and program update, please visit http://www.openbioinformatics.org/annovar/
ANNOVAR Command:
	scripts/annotate_variation.pl -filter -dbtype esp6500siv2_all -buildver hg19 -out /data/rds/DMP/UCEC/GENEVOD/qguo/Projects/lp_mut_v2/results/SW620bc_DSIVb_L_DATAC_P4-SW620bc_DSIVb/Variants_Octopus_v0.5.2/SW620bc_DSIVb_L_DATAC_P4-SW620bc_DSIVb.2 /data/rds/DMP/UCEC/GENEVOD/qguo/Projects/lp_mut_v2/results/SW620bc_DSIVb_L_DATAC_P4-SW620bc_DSIVb/Variants_Octopus_v0.5.2/SW620bc_DSIVb_L_DATAC_P4-SW620bc_DSIVb.1.hg19_ALL.sites.2015_08_filtered /data/rds/DMP/UCEC/GENEVOD/qguo/Reference/genome/annovar/humandb/ -score_threshold 0.001 -thread 5
ANNOVAR Started:
	Mon Aug 11 16:20:50 2025
NOTICE: Variants matching filtering criteria are written to /data/rds/DMP/UCEC/GENEVOD/qguo/Projects/lp_mut_v2/results/SW620bc_DSIVb_L_DATAC_P4-SW620bc_DSIVb/Variants_Octopus_v0.5.2/SW620bc_DSIVb_L_DATAC_P4-SW620bc_DSIVb.2.hg19_esp6500siv2_all_dropped, other variants are written to /data/rds/DMP/UCEC/GENEVOD/qguo/Projects/lp_mut_v2/results/SW620bc_DSIVb_L_DATAC_P4-SW620bc_DSIVb/Variants_Octopus_v0.5.2/SW620bc_DSIVb_L_DATAC_P4-SW620bc_DSIVb.2.hg19_esp6500siv2_all_filtered
NOTICE: the queryfile contains 171595 lines
NOTICE: Creating new threads for query line 1 to 34319
NOTICE: Creating new threads for query line 34320 to 68638
NOTICE: Creating new threads for query line 68639 to 102957
NOTICE: Creating new threads for query line 102958 to 137276
NOTICE: Creating new threads for query line 137277 to 171595
NOTICE: Processing next batch with 34318 unique variants in 34319 input lines
NOTICE: Database index loaded. Total number of bins is 594771 and the number of bins to be scanned is 788
NOTICE: Scanning filter database /data/rds/DMP/UCEC/GENEVOD/qguo/Reference/genome/annovar/humandb/hg19_esp6500siv2_all.txt...Done
NOTICE: Processing next batch with 34319 unique variants in 34319 input lines
NOTICE: Database index loaded. Total number of bins is 594771 and the number of bins to be scanned is 756
NOTICE: Scanning filter database /data/rds/DMP/UCEC/GENEVOD/qguo/Reference/genome/annovar/humandb/hg19_esp6500siv2_all.txt...Done
NOTICE: Processing next batch with 34319 unique variants in 34319 input lines
NOTICE: Database index loaded. Total number of bins is 594771 and the number of bins to be scanned is 552
NOTICE: Scanning filter database /data/rds/DMP/UCEC/GENEVOD/qguo/Reference/genome/annovar/humandb/hg19_esp6500siv2_all.txt...Done
NOTICE: Processing next batch with 34319 unique variants in 34319 input lines
NOTICE: Database index loaded. Total number of bins is 594771 and the number of bins to be scanned is 750
NOTICE: Scanning filter database /data/rds/DMP/UCEC/GENEVOD/qguo/Reference/genome/annovar/humandb/hg19_esp6500siv2_all.txt...Done
NOTICE: Processing next batch with 34318 unique variants in 34319 input lines
NOTICE: Database index loaded. Total number of bins is 594771 and the number of bins to be scanned is 732
NOTICE: Scanning filter database /data/rds/DMP/UCEC/GENEVOD/qguo/Reference/genome/annovar/humandb/hg19_esp6500siv2_all.txt...Done
